\BOOKMARK [0][-]{chapter.1}{\376\377\000D\000a\000t\000a\000\040\000S\000t\000r\000u\000c\000t\000u\000r\000e\000\040\000I\000n\000d\000e\000x}{}
\BOOKMARK [1][-]{section.1.1}{\376\377\000D\000a\000t\000a\000\040\000S\000t\000r\000u\000c\000t\000u\000r\000e\000s}{chapter.1}
\BOOKMARK [0][-]{chapter.2}{\376\377\000F\000i\000l\000e\000\040\000I\000n\000d\000e\000x}{}
\BOOKMARK [1][-]{section.2.1}{\376\377\000F\000i\000l\000e\000\040\000L\000i\000s\000t}{chapter.2}
\BOOKMARK [0][-]{chapter.3}{\376\377\000D\000a\000t\000a\000\040\000S\000t\000r\000u\000c\000t\000u\000r\000e\000\040\000D\000o\000c\000u\000m\000e\000n\000t\000a\000t\000i\000o\000n}{}
\BOOKMARK [1][-]{section.3.1}{\376\377\000\137\000\137\000r\000e\000q\000u\000e\000s\000t\000\040\000S\000t\000r\000u\000c\000t\000\040\000R\000e\000f\000e\000r\000e\000n\000c\000e}{chapter.3}
\BOOKMARK [0][-]{chapter.4}{\376\377\000F\000i\000l\000e\000\040\000D\000o\000c\000u\000m\000e\000n\000t\000a\000t\000i\000o\000n}{}
\BOOKMARK [1][-]{section.4.1}{\376\377\000/\000m\000e\000d\000i\000a\000/\0004\000e\000c\0001\000c\000d\000d\000c\000-\0002\0004\000f\000d\000-\0004\000a\000a\000a\000-\000a\0001\000b\0009\000-\0004\0003\0007\0003\0001\000b\0000\0003\0002\0008\0006\0003\000/\000h\000o\000m\000e\000/\000e\000d\000i\000t\000o\000b\000l\000e\000z\000/\000w\000o\000r\000k\000s\000p\000a\000c\000e\000/\000u\000s\000b\000/\000s\000r\000c\000/\000c\000o\000m\000m\000o\000n\000/\000c\000o\000m\000m\000o\000n\000.\000h\000\040\000F\000i\000l\000e\000\040\000R\000e\000f\000e\000r\000e\000n\000c\000e}{chapter.4}
\BOOKMARK [2][-]{subsection.4.1.1}{\376\377\000D\000e\000t\000a\000i\000l\000e\000d\000\040\000D\000e\000s\000c\000r\000i\000p\000t\000i\000o\000n}{section.4.1}
\BOOKMARK [2][-]{subsection.4.1.2}{\376\377\000F\000u\000n\000c\000t\000i\000o\000n\000\040\000D\000o\000c\000u\000m\000e\000n\000t\000a\000t\000i\000o\000n}{section.4.1}
\BOOKMARK [3][-]{subsubsection.4.1.2.1}{\376\377\000g\000e\000t\000\137\000d\000a\000t\000e}{subsection.4.1.2}
\BOOKMARK [3][-]{subsubsection.4.1.2.2}{\376\377\000g\000e\000t\000m\000s\000g}{subsection.4.1.2}
\BOOKMARK [3][-]{subsubsection.4.1.2.3}{\376\377\000g\000e\000t\000u\000s\000e\000r}{subsection.4.1.2}
\BOOKMARK [3][-]{subsubsection.4.1.2.4}{\376\377\000r\000e\000g\000i\000s\000t\000e\000r\000\137\000l\000o\000g}{subsection.4.1.2}
\BOOKMARK [1][-]{section.4.2}{\376\377\000u\000s\000b\000-\000c\000o\000n\000t\000r\000o\000l\000.\000h\000\040\000F\000i\000l\000e\000\040\000R\000e\000f\000e\000r\000e\000n\000c\000e}{chapter.4}
\BOOKMARK [2][-]{subsection.4.2.1}{\376\377\000D\000e\000t\000a\000i\000l\000e\000d\000\040\000D\000e\000s\000c\000r\000i\000p\000t\000i\000o\000n}{section.4.2}
\BOOKMARK [2][-]{subsection.4.2.2}{\376\377\000F\000u\000n\000c\000t\000i\000o\000n\000\040\000D\000o\000c\000u\000m\000e\000n\000t\000a\000t\000i\000o\000n}{section.4.2}
\BOOKMARK [3][-]{subsubsection.4.2.2.1}{\376\377\000f\000a\000i\000l}{subsection.4.2.2}
\BOOKMARK [3][-]{subsubsection.4.2.2.2}{\376\377\000i\000n\000i\000t\000\137\000v\000a\000l\000u\000e\000s}{subsection.4.2.2}
\BOOKMARK [3][-]{subsubsection.4.2.2.3}{\376\377\000i\000s\000\137\000a\000u\000t\000h\000o\000r\000i\000z\000e\000d}{subsection.4.2.2}
\BOOKMARK [3][-]{subsubsection.4.2.2.4}{\376\377\000r\000e\000g\000i\000s\000t\000e\000r\000\137\000a\000\137\000n\000e\000w\000\137\000d\000e\000v\000i\000c\000e}{subsection.4.2.2}
